BMICalculator3/app/build/outputs/logs/manifest-merger-debug-report.txt
-- Merging decision tree log ---
manifest
ADDED from src/main/AndroidManifest.xml:2:1-12:12
INJECTED from src/main/AndroidManifest.xml:2:1-12:12
INJECTED from src/main/AndroidManifest.xml:2:1-12:12
	package
		ADDED from src/main/AndroidManifest.xml:2:70-108
		INJECTED from src/main/AndroidManifest.xml
		INJECTED from src/main/AndroidManifest.xml
	xmlns:android
		ADDED from src/main/AndroidManifest.xml:2:11-69
application
ADDED from src/main/AndroidManifest.xml:3:5-11:19
	android:icon
		ADDED from src/main/AndroidManifest.xml:3:18-47
activity#com.mamezou.android.bmicalc3.BMICalculator3Activity
ADDED from src/main/AndroidManifest.xml:4:9-9:20
	android:label
		ADDED from src/main/AndroidManifest.xml:4:58-90
	android:name
		ADDED from src/main/AndroidManifest.xml:4:19-57
intent-filter#action:name:android.intent.action.MAIN+category:name:android.intent.category.LAUNCHER
ADDED from src/main/AndroidManifest.xml:5:13-8:29
action#android.intent.action.MAIN
ADDED from src/main/AndroidManifest.xml:6:17-69
	android:name
		ADDED from src/main/AndroidManifest.xml:6:25-66
category#android.intent.category.LAUNCHER
ADDED from src/main/AndroidManifest.xml:7:17-77
	android:name
		ADDED from src/main/AndroidManifest.xml:7:27-74
activity#com.mamezou.android.bmicalc3.ResultActivity
ADDED from src/main/AndroidManifest.xml:10:9-85
	android:label
		ADDED from src/main/AndroidManifest.xml:10:50-82
	android:name
		ADDED from src/main/AndroidManifest.xml:10:19-49